<?xml version="1.0" encoding="UTF-8"?>
<!-- Generated by org.testng.reporters.JUnitReportReporter -->
<testsuite hostname="DESKTOP-K6E4NV6" failures="0" tests="4" name="com.project.master.e2e.MainPageSuperAdminTest" time="66.151" errors="0" timestamp="10 Feb 2020 12:47:24 GMT">
  <testcase classname="com.project.master.e2e.MainPageSuperAdminTest" name="createLocationAdmin" time="17.093"/>
  <testcase classname="com.project.master.e2e.MainPageSuperAdminTest" name="deleteEventAdmin" time="16.825"/>
  <testcase classname="com.project.master.e2e.MainPageSuperAdminTest" name="deleteLocation" time="15.178"/>
  <testcase classname="com.project.master.e2e.MainPageSuperAdminTest" name="deleteUser" time="17.055"/>
</testsuite> <!-- com.project.master.e2e.MainPageSuperAdminTest -->
