<?xml version="1.0" encoding="UTF-8"?>
<!-- Generated by org.testng.reporters.JUnitReportReporter -->
<testsuite hostname="DESKTOP-K6E4NV6" failures="0" tests="2" name="com.project.master.e2e.UserTest" time="35.379" errors="0" timestamp="10 Feb 2020 12:43:44 GMT">
  <testcase classname="com.project.master.e2e.UserTest" name="testRegister" time="20.029"/>
  <testcase classname="com.project.master.e2e.UserTest" name="testLogin" time="15.350"/>
</testsuite> <!-- com.project.master.e2e.UserTest -->
